{
  "stats": {
    "suites": 1,
    "tests": 2,
    "passes": 2,
    "pending": 0,
    "failures": 0,
    "start": "2023-04-25T18:46:27.791Z",
    "end": "2023-04-25T18:46:34.555Z",
    "duration": 6764,
    "testsRegistered": 2,
    "passPercent": 100,
    "pendingPercent": 0,
    "other": 0,
    "hasOther": false,
    "skipped": 0,
    "hasSkipped": false
  },
  "results": [
    {
      "uuid": "c252b24f-d3d2-41bd-aad5-ad9544104b7f",
      "title": "",
      "fullFile": "cypress/e2e/apply.cy.js",
      "file": "cypress/e2e/apply.cy.js",
      "beforeHooks": [],
      "afterHooks": [],
      "tests": [],
      "suites": [
        {
          "uuid": "e38cc99c-461d-4a57-8547-058dca4a5b06",
          "title": "Test cases for the apply now/quick apply button",
          "fullFile": "",
          "file": "",
          "beforeHooks": [],
          "afterHooks": [],
          "tests": [
            {
              "title": "Has a 'Apply now' button on desktop",
              "fullTitle": "Test cases for the apply now/quick apply button Has a 'Apply now' button on desktop",
              "timedOut": null,
              "duration": 2665,
              "state": "passed",
              "speed": "fast",
              "pass": true,
              "fail": false,
              "pending": false,
              "context": null,
              "code": "vacancyPage.enableDesktopView();\nvacancyPage.visit();\ncy.get(\"a[href*='https://www.symphony-solutions.eu/quick-apply/']\")\n//uses the href of the apply button as selector because it is common to both desktop and mobile screens\n.should(\"exist\").and(\"be.visible\");",
              "err": {},
              "uuid": "6601939b-94e5-4edd-8567-e38842d92c58",
              "parentUUID": "e38cc99c-461d-4a57-8547-058dca4a5b06",
              "isHook": false,
              "skipped": false
            },
            {
              "title": "Has a 'Quick Apply' button on mobile",
              "fullTitle": "Test cases for the apply now/quick apply button Has a 'Quick Apply' button on mobile",
              "timedOut": null,
              "duration": 1124,
              "state": "passed",
              "speed": "fast",
              "pass": true,
              "fail": false,
              "pending": false,
              "context": null,
              "code": "vacancyPage.enableMobileView();\nvacancyPage.visit();\ncy.get(\"a[href*='https://www.symphony-solutions.eu/quick-apply/']\")\n//uses the href of the apply button as selector because it is common to both desktop and mobile screens\n.should(\"exist\").and(\"be.visible\");",
              "err": {},
              "uuid": "768283a5-e4c5-498a-8e71-dab0a5ed6dbb",
              "parentUUID": "e38cc99c-461d-4a57-8547-058dca4a5b06",
              "isHook": false,
              "skipped": false
            }
          ],
          "suites": [],
          "passes": [
            "6601939b-94e5-4edd-8567-e38842d92c58",
            "768283a5-e4c5-498a-8e71-dab0a5ed6dbb"
          ],
          "failures": [],
          "pending": [],
          "skipped": [],
          "duration": 3789,
          "root": false,
          "rootEmpty": false,
          "_timeout": 2000
        }
      ],
      "passes": [],
      "failures": [],
      "pending": [],
      "skipped": [],
      "duration": 0,
      "root": true,
      "rootEmpty": true,
      "_timeout": 2000
    }
  ],
  "meta": {
    "mocha": {
      "version": "7.0.1"
    },
    "mochawesome": {
      "options": {
        "quiet": true,
        "reportFilename": "mochawesome",
        "saveHtml": false,
        "saveJson": true,
        "consoleReporter": "spec",
        "useInlineDiffs": false,
        "code": true
      },
      "version": "7.1.3"
    },
    "marge": {
      "options": {
        "id": "default",
        "reportDir": "cypress/results/mochawesome",
        "quiet": true,
        "overwrite": false,
        "html": false,
        "json": true
      },
      "version": "6.2.0"
    }
  }
}