{
  "stats": {
    "suites": 1,
    "tests": 2,
    "passes": 2,
    "pending": 0,
    "failures": 0,
    "start": "2023-04-25T18:47:03.487Z",
    "end": "2023-04-25T18:47:09.528Z",
    "duration": 6041,
    "testsRegistered": 2,
    "passPercent": 100,
    "pendingPercent": 0,
    "other": 0,
    "hasOther": false,
    "skipped": 0,
    "hasSkipped": false
  },
  "results": [
    {
      "uuid": "4d4e4723-3c3f-4602-b55e-8c4eb0a804fb",
      "title": "",
      "fullFile": "cypress/e2e/logo.cy.js",
      "file": "cypress/e2e/logo.cy.js",
      "beforeHooks": [],
      "afterHooks": [],
      "tests": [],
      "suites": [
        {
          "uuid": "0a6cf68a-cf79-4a07-b85f-715420625754",
          "title": "Test cases for the logo",
          "fullFile": "",
          "file": "",
          "beforeHooks": [],
          "afterHooks": [],
          "tests": [
            {
              "title": "Should display the logo on desktop",
              "fullTitle": "Test cases for the logo Should display the logo on desktop",
              "timedOut": null,
              "duration": 2272,
              "state": "passed",
              "speed": "fast",
              "pass": true,
              "fail": false,
              "pending": false,
              "context": null,
              "code": "vacancyPage.enableDesktopView();\nvacancyPage.visit();\ncy.get('.ss-header--logo').find('svg').should('exist');\n//checks for the existence of the logo svg itself",
              "err": {},
              "uuid": "c912780d-be2a-4e5f-9b7a-d53a6471986d",
              "parentUUID": "0a6cf68a-cf79-4a07-b85f-715420625754",
              "isHook": false,
              "skipped": false
            },
            {
              "title": "Should display the logo on mobile",
              "fullTitle": "Test cases for the logo Should display the logo on mobile",
              "timedOut": null,
              "duration": 1354,
              "state": "passed",
              "speed": "fast",
              "pass": true,
              "fail": false,
              "pending": false,
              "context": null,
              "code": "vacancyPage.enableMobileView();\nvacancyPage.visit();\ncy.get('.ss-header--logo').find('svg').should('exist');\n//checks for the existence of the logo svg itself",
              "err": {},
              "uuid": "3f7dacbd-7a1c-42da-95d3-2d7193967e5f",
              "parentUUID": "0a6cf68a-cf79-4a07-b85f-715420625754",
              "isHook": false,
              "skipped": false
            }
          ],
          "suites": [],
          "passes": [
            "c912780d-be2a-4e5f-9b7a-d53a6471986d",
            "3f7dacbd-7a1c-42da-95d3-2d7193967e5f"
          ],
          "failures": [],
          "pending": [],
          "skipped": [],
          "duration": 3626,
          "root": false,
          "rootEmpty": false,
          "_timeout": 2000
        }
      ],
      "passes": [],
      "failures": [],
      "pending": [],
      "skipped": [],
      "duration": 0,
      "root": true,
      "rootEmpty": true,
      "_timeout": 2000
    }
  ],
  "meta": {
    "mocha": {
      "version": "7.0.1"
    },
    "mochawesome": {
      "options": {
        "quiet": true,
        "reportFilename": "mochawesome",
        "saveHtml": false,
        "saveJson": true,
        "consoleReporter": "spec",
        "useInlineDiffs": false,
        "code": true
      },
      "version": "7.1.3"
    },
    "marge": {
      "options": {
        "id": "default",
        "reportDir": "cypress/results/mochawesome",
        "quiet": true,
        "overwrite": false,
        "html": false,
        "json": true
      },
      "version": "6.2.0"
    }
  }
}