{
  "stats": {
    "suites": 1,
    "tests": 2,
    "passes": 2,
    "pending": 0,
    "failures": 0,
    "start": "2023-04-25T18:46:40.421Z",
    "end": "2023-04-25T18:46:46.660Z",
    "duration": 6239,
    "testsRegistered": 2,
    "passPercent": 100,
    "pendingPercent": 0,
    "other": 0,
    "hasOther": false,
    "skipped": 0,
    "hasSkipped": false
  },
  "results": [
    {
      "uuid": "9c91b09e-4c3d-49c6-8af8-4c25b1092b8f",
      "title": "",
      "fullFile": "cypress/e2e/delivery.cy.js",
      "file": "cypress/e2e/delivery.cy.js",
      "beforeHooks": [],
      "afterHooks": [],
      "tests": [],
      "suites": [
        {
          "uuid": "67709be8-0bc8-438e-ba7f-758f98d8ef81",
          "title": "Test cases for the delivery centers",
          "fullFile": "",
          "file": "",
          "beforeHooks": [],
          "afterHooks": [],
          "tests": [
            {
              "title": "Has text in 4 Delivery Centers li elements in footer on desktop",
              "fullTitle": "Test cases for the delivery centers Has text in 4 Delivery Centers li elements in footer on desktop",
              "timedOut": null,
              "duration": 2541,
              "state": "passed",
              "speed": "fast",
              "pass": true,
              "fail": false,
              "pending": false,
              "context": null,
              "code": "vacancyPage.enableDesktopView();\nvacancyPage.visit();\ncy.get('footer').contains('Delivery Centers').parents('li').nextAll('li')\n// find the Delivery Centers element in the footer under the delivery center li element\n.should('have.length', 4).each(item => {\n  expect(item.text().trim()).to.not.be.empty; // check that each li element has text\n});",
              "err": {},
              "uuid": "3e24171c-3dbb-47a0-b287-95cd9052816d",
              "parentUUID": "67709be8-0bc8-438e-ba7f-758f98d8ef81",
              "isHook": false,
              "skipped": false
            },
            {
              "title": "Has text in 4 Delivery Centers li elements in footer on mobile",
              "fullTitle": "Test cases for the delivery centers Has text in 4 Delivery Centers li elements in footer on mobile",
              "timedOut": null,
              "duration": 1300,
              "state": "passed",
              "speed": "fast",
              "pass": true,
              "fail": false,
              "pending": false,
              "context": null,
              "code": "vacancyPage.enableMobileView();\nvacancyPage.visit();\ncy.get('footer').contains('Delivery Centers').parents('li').nextAll('li')\n// find the Delivery Centers element in the footer under the delivery center li element\n.should('have.length', 4).each(item => {\n  expect(item.text().trim()).to.not.be.empty; // check that each li element has text\n});",
              "err": {},
              "uuid": "c030c05a-17af-4684-b6ad-f6268c4c3ef9",
              "parentUUID": "67709be8-0bc8-438e-ba7f-758f98d8ef81",
              "isHook": false,
              "skipped": false
            }
          ],
          "suites": [],
          "passes": [
            "3e24171c-3dbb-47a0-b287-95cd9052816d",
            "c030c05a-17af-4684-b6ad-f6268c4c3ef9"
          ],
          "failures": [],
          "pending": [],
          "skipped": [],
          "duration": 3841,
          "root": false,
          "rootEmpty": false,
          "_timeout": 2000
        }
      ],
      "passes": [],
      "failures": [],
      "pending": [],
      "skipped": [],
      "duration": 0,
      "root": true,
      "rootEmpty": true,
      "_timeout": 2000
    }
  ],
  "meta": {
    "mocha": {
      "version": "7.0.1"
    },
    "mochawesome": {
      "options": {
        "quiet": true,
        "reportFilename": "mochawesome",
        "saveHtml": false,
        "saveJson": true,
        "consoleReporter": "spec",
        "useInlineDiffs": false,
        "code": true
      },
      "version": "7.1.3"
    },
    "marge": {
      "options": {
        "id": "default",
        "reportDir": "cypress/results/mochawesome",
        "quiet": true,
        "overwrite": false,
        "html": false,
        "json": true
      },
      "version": "6.2.0"
    }
  }
}