{
  "stats": {
    "suites": 1,
    "tests": 2,
    "passes": 2,
    "pending": 0,
    "failures": 0,
    "start": "2023-04-25T20:04:50.894Z",
    "end": "2023-04-25T20:04:56.829Z",
    "duration": 5935,
    "testsRegistered": 2,
    "passPercent": 100,
    "pendingPercent": 0,
    "other": 0,
    "hasOther": false,
    "skipped": 0,
    "hasSkipped": false
  },
  "results": [
    {
      "uuid": "4dbc0bb0-7391-415b-be9a-5330e264632b",
      "title": "",
      "fullFile": "cypress/e2e/logo.cy.js",
      "file": "cypress/e2e/logo.cy.js",
      "beforeHooks": [],
      "afterHooks": [],
      "tests": [],
      "suites": [
        {
          "uuid": "6fedce1d-2983-45cf-8c14-8f770f8c4ead",
          "title": "Test cases for the logo",
          "fullFile": "",
          "file": "",
          "beforeHooks": [],
          "afterHooks": [],
          "tests": [
            {
              "title": "Should display the logo on desktop",
              "fullTitle": "Test cases for the logo Should display the logo on desktop",
              "timedOut": null,
              "duration": 2450,
              "state": "passed",
              "speed": "fast",
              "pass": true,
              "fail": false,
              "pending": false,
              "context": null,
              "code": "vacancyPage.enableDesktopView();\nvacancyPage.visit();\ncy.get('.ss-header--logo').find('svg').should('exist');\n//checks for the existence of the logo svg itself",
              "err": {},
              "uuid": "8332de35-7343-4bec-85c7-a220f372a050",
              "parentUUID": "6fedce1d-2983-45cf-8c14-8f770f8c4ead",
              "isHook": false,
              "skipped": false
            },
            {
              "title": "Should display the logo on mobile",
              "fullTitle": "Test cases for the logo Should display the logo on mobile",
              "timedOut": null,
              "duration": 1203,
              "state": "passed",
              "speed": "fast",
              "pass": true,
              "fail": false,
              "pending": false,
              "context": null,
              "code": "vacancyPage.enableMobileView();\nvacancyPage.visit();\ncy.get('.ss-header--logo').find('svg').should('exist');\n//checks for the existence of the logo svg itself",
              "err": {},
              "uuid": "25e25fad-903f-4167-a409-ec1956a06bf9",
              "parentUUID": "6fedce1d-2983-45cf-8c14-8f770f8c4ead",
              "isHook": false,
              "skipped": false
            }
          ],
          "suites": [],
          "passes": [
            "8332de35-7343-4bec-85c7-a220f372a050",
            "25e25fad-903f-4167-a409-ec1956a06bf9"
          ],
          "failures": [],
          "pending": [],
          "skipped": [],
          "duration": 3653,
          "root": false,
          "rootEmpty": false,
          "_timeout": 2000
        }
      ],
      "passes": [],
      "failures": [],
      "pending": [],
      "skipped": [],
      "duration": 0,
      "root": true,
      "rootEmpty": true,
      "_timeout": 2000
    }
  ],
  "meta": {
    "mocha": {
      "version": "7.0.1"
    },
    "mochawesome": {
      "options": {
        "quiet": true,
        "reportFilename": "mochawesome",
        "saveHtml": false,
        "saveJson": true,
        "consoleReporter": "spec",
        "useInlineDiffs": false,
        "code": true
      },
      "version": "7.1.3"
    },
    "marge": {
      "options": {
        "id": "default",
        "reportDir": "cypress/results/mochawesome",
        "quiet": true,
        "overwrite": false,
        "html": false,
        "json": true
      },
      "version": "6.2.0"
    }
  }
}