{
  "stats": {
    "suites": 1,
    "tests": 2,
    "passes": 2,
    "pending": 0,
    "failures": 0,
    "start": "2023-04-25T20:04:08.478Z",
    "end": "2023-04-25T20:04:17.592Z",
    "duration": 9114,
    "testsRegistered": 2,
    "passPercent": 100,
    "pendingPercent": 0,
    "other": 0,
    "hasOther": false,
    "skipped": 0,
    "hasSkipped": false
  },
  "results": [
    {
      "uuid": "db873b27-dd4a-4b82-893e-b6cdbdbdb65d",
      "title": "",
      "fullFile": "cypress/e2e/apply.cy.js",
      "file": "cypress/e2e/apply.cy.js",
      "beforeHooks": [],
      "afterHooks": [],
      "tests": [],
      "suites": [
        {
          "uuid": "103a2cd4-87c8-48c8-bc66-249814d22e9f",
          "title": "Test cases for the apply now/quick apply button",
          "fullFile": "",
          "file": "",
          "beforeHooks": [],
          "afterHooks": [],
          "tests": [
            {
              "title": "Has a 'Apply now' button on desktop",
              "fullTitle": "Test cases for the apply now/quick apply button Has a 'Apply now' button on desktop",
              "timedOut": null,
              "duration": 2894,
              "state": "passed",
              "speed": "fast",
              "pass": true,
              "fail": false,
              "pending": false,
              "context": null,
              "code": "vacancyPage.enableDesktopView();\nvacancyPage.visit();\ncy.get(\"a[href*='https://www.symphony-solutions.eu/quick-apply/']\")\n//uses the href of the apply button as selector because it is common to both desktop and mobile screens\n.should(\"exist\").and(\"be.visible\");",
              "err": {},
              "uuid": "9563d05e-ab94-42b1-8ac3-762e4a4a04ad",
              "parentUUID": "103a2cd4-87c8-48c8-bc66-249814d22e9f",
              "isHook": false,
              "skipped": false
            },
            {
              "title": "Has a 'Quick Apply' button on mobile",
              "fullTitle": "Test cases for the apply now/quick apply button Has a 'Quick Apply' button on mobile",
              "timedOut": null,
              "duration": 953,
              "state": "passed",
              "speed": "fast",
              "pass": true,
              "fail": false,
              "pending": false,
              "context": null,
              "code": "vacancyPage.enableMobileView();\nvacancyPage.visit();\ncy.get(\"a[href*='https://www.symphony-solutions.eu/quick-apply/']\")\n//uses the href of the apply button as selector because it is common to both desktop and mobile screens\n.should(\"exist\").and(\"be.visible\");",
              "err": {},
              "uuid": "ebe69231-0f50-46c5-9140-b504cda651ca",
              "parentUUID": "103a2cd4-87c8-48c8-bc66-249814d22e9f",
              "isHook": false,
              "skipped": false
            }
          ],
          "suites": [],
          "passes": [
            "9563d05e-ab94-42b1-8ac3-762e4a4a04ad",
            "ebe69231-0f50-46c5-9140-b504cda651ca"
          ],
          "failures": [],
          "pending": [],
          "skipped": [],
          "duration": 3847,
          "root": false,
          "rootEmpty": false,
          "_timeout": 2000
        }
      ],
      "passes": [],
      "failures": [],
      "pending": [],
      "skipped": [],
      "duration": 0,
      "root": true,
      "rootEmpty": true,
      "_timeout": 2000
    }
  ],
  "meta": {
    "mocha": {
      "version": "7.0.1"
    },
    "mochawesome": {
      "options": {
        "quiet": true,
        "reportFilename": "mochawesome",
        "saveHtml": false,
        "saveJson": true,
        "consoleReporter": "spec",
        "useInlineDiffs": false,
        "code": true
      },
      "version": "7.1.3"
    },
    "marge": {
      "options": {
        "id": "default",
        "reportDir": "cypress/results/mochawesome",
        "quiet": true,
        "overwrite": false,
        "html": false,
        "json": true
      },
      "version": "6.2.0"
    }
  }
}