{
  "stats": {
    "suites": 1,
    "tests": 2,
    "passes": 2,
    "pending": 0,
    "failures": 0,
    "start": "2023-04-25T20:04:24.483Z",
    "end": "2023-04-25T20:04:30.886Z",
    "duration": 6403,
    "testsRegistered": 2,
    "passPercent": 100,
    "pendingPercent": 0,
    "other": 0,
    "hasOther": false,
    "skipped": 0,
    "hasSkipped": false
  },
  "results": [
    {
      "uuid": "d4f5a7a2-3dda-422d-b0a8-0dba3ac74f94",
      "title": "",
      "fullFile": "cypress/e2e/delivery.cy.js",
      "file": "cypress/e2e/delivery.cy.js",
      "beforeHooks": [],
      "afterHooks": [],
      "tests": [],
      "suites": [
        {
          "uuid": "5cc5c2e4-efc1-41fc-96ff-16591111e66d",
          "title": "Test cases for the delivery centers",
          "fullFile": "",
          "file": "",
          "beforeHooks": [],
          "afterHooks": [],
          "tests": [
            {
              "title": "Has text in 4 Delivery Centers li elements in footer on desktop",
              "fullTitle": "Test cases for the delivery centers Has text in 4 Delivery Centers li elements in footer on desktop",
              "timedOut": null,
              "duration": 2385,
              "state": "passed",
              "speed": "fast",
              "pass": true,
              "fail": false,
              "pending": false,
              "context": null,
              "code": "vacancyPage.enableDesktopView();\nvacancyPage.visit();\ncy.get('footer').contains('Delivery Centers').parents('li').nextAll('li')\n// find the Delivery Centers element in the footer under the delivery center li element\n.should('have.length', 4).each(item => {\n  expect(item.text().trim()).to.not.be.empty; // check that each li element has text\n});",
              "err": {},
              "uuid": "7130a623-5d79-450e-af5c-917175bed2f7",
              "parentUUID": "5cc5c2e4-efc1-41fc-96ff-16591111e66d",
              "isHook": false,
              "skipped": false
            },
            {
              "title": "Has text in 4 Delivery Centers li elements in footer on mobile",
              "fullTitle": "Test cases for the delivery centers Has text in 4 Delivery Centers li elements in footer on mobile",
              "timedOut": null,
              "duration": 1616,
              "state": "passed",
              "speed": "fast",
              "pass": true,
              "fail": false,
              "pending": false,
              "context": null,
              "code": "vacancyPage.enableMobileView();\nvacancyPage.visit();\ncy.get('footer').contains('Delivery Centers').parents('li').nextAll('li')\n// find the Delivery Centers element in the footer under the delivery center li element\n.should('have.length', 4).each(item => {\n  expect(item.text().trim()).to.not.be.empty; // check that each li element has text\n});",
              "err": {},
              "uuid": "9882f722-1c55-4510-9554-29cca56b4f7f",
              "parentUUID": "5cc5c2e4-efc1-41fc-96ff-16591111e66d",
              "isHook": false,
              "skipped": false
            }
          ],
          "suites": [],
          "passes": [
            "7130a623-5d79-450e-af5c-917175bed2f7",
            "9882f722-1c55-4510-9554-29cca56b4f7f"
          ],
          "failures": [],
          "pending": [],
          "skipped": [],
          "duration": 4001,
          "root": false,
          "rootEmpty": false,
          "_timeout": 2000
        }
      ],
      "passes": [],
      "failures": [],
      "pending": [],
      "skipped": [],
      "duration": 0,
      "root": true,
      "rootEmpty": true,
      "_timeout": 2000
    }
  ],
  "meta": {
    "mocha": {
      "version": "7.0.1"
    },
    "mochawesome": {
      "options": {
        "quiet": true,
        "reportFilename": "mochawesome",
        "saveHtml": false,
        "saveJson": true,
        "consoleReporter": "spec",
        "useInlineDiffs": false,
        "code": true
      },
      "version": "7.1.3"
    },
    "marge": {
      "options": {
        "id": "default",
        "reportDir": "cypress/results/mochawesome",
        "quiet": true,
        "overwrite": false,
        "html": false,
        "json": true
      },
      "version": "6.2.0"
    }
  }
}