{
  "stats": {
    "suites": 1,
    "tests": 2,
    "passes": 2,
    "pending": 0,
    "failures": 0,
    "start": "2023-04-25T18:47:15.047Z",
    "end": "2023-04-25T18:47:21.439Z",
    "duration": 6392,
    "testsRegistered": 2,
    "passPercent": 100,
    "pendingPercent": 0,
    "other": 0,
    "hasOther": false,
    "skipped": 0,
    "hasSkipped": false
  },
  "results": [
    {
      "uuid": "1db992db-cc41-44e5-b7b8-b45e0a329f4d",
      "title": "",
      "fullFile": "cypress/e2e/menu.cy.js",
      "file": "cypress/e2e/menu.cy.js",
      "beforeHooks": [],
      "afterHooks": [],
      "tests": [],
      "suites": [
        {
          "uuid": "afe07791-1b8b-48c6-bed3-a21f3695b66b",
          "title": "Test cases for menu items",
          "fullFile": "",
          "file": "",
          "beforeHooks": [],
          "afterHooks": [],
          "tests": [
            {
              "title": "Has 7 menu items with correct names on desktop screens",
              "fullTitle": "Test cases for menu items Has 7 menu items with correct names on desktop screens",
              "timedOut": null,
              "duration": 2386,
              "state": "passed",
              "speed": "fast",
              "pass": true,
              "fail": false,
              "pending": false,
              "context": null,
              "code": "vacancyPage.enableDesktopView();\nvacancyPage.visit();\nvacancyPage.getMenuItems().each((item, index) => {\n  expect(item).to.contain(names[index]);\n});",
              "err": {},
              "uuid": "d8b3da53-258a-4f37-bb93-4bedf1025e04",
              "parentUUID": "afe07791-1b8b-48c6-bed3-a21f3695b66b",
              "isHook": false,
              "skipped": false
            },
            {
              "title": "Has 7 menu items with correct names on mobile screens",
              "fullTitle": "Test cases for menu items Has 7 menu items with correct names on mobile screens",
              "timedOut": null,
              "duration": 1632,
              "state": "passed",
              "speed": "fast",
              "pass": true,
              "fail": false,
              "pending": false,
              "context": null,
              "code": "vacancyPage.enableMobileView();\nvacancyPage.visit();\ncy.get('#navToggler').click();\nvacancyPage.getMobileMenuToggle();\nvacancyPage.getMenuItems().each((item, index) => {\n  expect(item).to.contain(names[index]);\n});\n//I noted that there was an 8th menu item, \"search\" but I didnt test for its existence as per the specific instructions given only mentioning to test for 7",
              "err": {},
              "uuid": "82d1dad8-bf58-4ccb-86e6-fe10f10a4829",
              "parentUUID": "afe07791-1b8b-48c6-bed3-a21f3695b66b",
              "isHook": false,
              "skipped": false
            }
          ],
          "suites": [],
          "passes": [
            "d8b3da53-258a-4f37-bb93-4bedf1025e04",
            "82d1dad8-bf58-4ccb-86e6-fe10f10a4829"
          ],
          "failures": [],
          "pending": [],
          "skipped": [],
          "duration": 4018,
          "root": false,
          "rootEmpty": false,
          "_timeout": 2000
        }
      ],
      "passes": [],
      "failures": [],
      "pending": [],
      "skipped": [],
      "duration": 0,
      "root": true,
      "rootEmpty": true,
      "_timeout": 2000
    }
  ],
  "meta": {
    "mocha": {
      "version": "7.0.1"
    },
    "mochawesome": {
      "options": {
        "quiet": true,
        "reportFilename": "mochawesome",
        "saveHtml": false,
        "saveJson": true,
        "consoleReporter": "spec",
        "useInlineDiffs": false,
        "code": true
      },
      "version": "7.1.3"
    },
    "marge": {
      "options": {
        "id": "default",
        "reportDir": "cypress/results/mochawesome",
        "quiet": true,
        "overwrite": false,
        "html": false,
        "json": true
      },
      "version": "6.2.0"
    }
  }
}