{
  "stats": {
    "suites": 1,
    "tests": 2,
    "passes": 2,
    "pending": 0,
    "failures": 0,
    "start": "2023-04-25T20:05:02.297Z",
    "end": "2023-04-25T20:05:08.317Z",
    "duration": 6020,
    "testsRegistered": 2,
    "passPercent": 100,
    "pendingPercent": 0,
    "other": 0,
    "hasOther": false,
    "skipped": 0,
    "hasSkipped": false
  },
  "results": [
    {
      "uuid": "ea7d9e06-bac7-4e57-befb-c10eb3c4a902",
      "title": "",
      "fullFile": "cypress/e2e/menu.cy.js",
      "file": "cypress/e2e/menu.cy.js",
      "beforeHooks": [],
      "afterHooks": [],
      "tests": [],
      "suites": [
        {
          "uuid": "ccde6992-d4bd-4d90-9d9c-78eafcbc0287",
          "title": "Test cases for menu items",
          "fullFile": "",
          "file": "",
          "beforeHooks": [],
          "afterHooks": [],
          "tests": [
            {
              "title": "Has 7 menu items with correct names on desktop screens",
              "fullTitle": "Test cases for menu items Has 7 menu items with correct names on desktop screens",
              "timedOut": null,
              "duration": 2207,
              "state": "passed",
              "speed": "fast",
              "pass": true,
              "fail": false,
              "pending": false,
              "context": null,
              "code": "vacancyPage.enableDesktopView();\nvacancyPage.visit();\nvacancyPage.getMenuItems().each((item, index) => {\n  expect(item).to.contain(names[index]);\n});",
              "err": {},
              "uuid": "296e963a-c2cb-4b6a-8c58-a8722275884a",
              "parentUUID": "ccde6992-d4bd-4d90-9d9c-78eafcbc0287",
              "isHook": false,
              "skipped": false
            },
            {
              "title": "Has 7 menu items with correct names on mobile screens",
              "fullTitle": "Test cases for menu items Has 7 menu items with correct names on mobile screens",
              "timedOut": null,
              "duration": 1204,
              "state": "passed",
              "speed": "fast",
              "pass": true,
              "fail": false,
              "pending": false,
              "context": null,
              "code": "vacancyPage.enableMobileView();\nvacancyPage.visit();\ncy.get('#navToggler').click();\nvacancyPage.getMobileMenuToggle();\nvacancyPage.getMenuItems().each((item, index) => {\n  expect(item).to.contain(names[index]);\n});\n//I noted that there was an 8th menu item, \"search\" but I didnt test for its existence as per the specific instructions given only mentioning to test for 7",
              "err": {},
              "uuid": "00d808c2-f9fb-41cb-88a0-d985bdb13ad6",
              "parentUUID": "ccde6992-d4bd-4d90-9d9c-78eafcbc0287",
              "isHook": false,
              "skipped": false
            }
          ],
          "suites": [],
          "passes": [
            "296e963a-c2cb-4b6a-8c58-a8722275884a",
            "00d808c2-f9fb-41cb-88a0-d985bdb13ad6"
          ],
          "failures": [],
          "pending": [],
          "skipped": [],
          "duration": 3411,
          "root": false,
          "rootEmpty": false,
          "_timeout": 2000
        }
      ],
      "passes": [],
      "failures": [],
      "pending": [],
      "skipped": [],
      "duration": 0,
      "root": true,
      "rootEmpty": true,
      "_timeout": 2000
    }
  ],
  "meta": {
    "mocha": {
      "version": "7.0.1"
    },
    "mochawesome": {
      "options": {
        "quiet": true,
        "reportFilename": "mochawesome",
        "saveHtml": false,
        "saveJson": true,
        "consoleReporter": "spec",
        "useInlineDiffs": false,
        "code": true
      },
      "version": "7.1.3"
    },
    "marge": {
      "options": {
        "id": "default",
        "reportDir": "cypress/results/mochawesome",
        "quiet": true,
        "overwrite": false,
        "html": false,
        "json": true
      },
      "version": "6.2.0"
    }
  }
}